This file contains any messages produced by compilers while
running configure, to aid debugging if configure makes a mistake.

It was created by Google C++ Testing Framework configure 1.8.0, which was
generated by GNU Autoconf 2.69.  Invocation command line was

  $ ./configure --disable-option-checking --prefix=/usr/local/protobuf --cache-file=/dev/null --srcdir=.

## --------- ##
## Platform. ##
## --------- ##

hostname = yepingbaideMacBook-Pro.local
uname -m = x86_64
uname -r = 19.4.0
uname -s = Darwin
uname -v = Darwin Kernel Version 19.4.0: Wed Mar  4 22:28:40 PST 2020; root:xnu-6153.101.6~15/RELEASE_X86_64

/usr/bin/uname -p = i386
/bin/uname -X     = unknown

/bin/arch              = unknown
/usr/bin/arch -k       = unknown
/usr/convex/getsysinfo = unknown
/usr/bin/hostinfo      = Mach kernel version:
	 Darwin Kernel Version 19.4.0: Wed Mar  4 22:28:40 PST 2020; root:xnu-6153.101.6~15/RELEASE_X86_64
Kernel configured for up to 8 processors.
4 processors are physically available.
8 processors are logically available.
Processor type: x86_64h (Intel x86-64h Haswell)
Processors active: 0 1 2 3 4 5 6 7
Primary memory available: 8.00 gigabytes
Default processor set: 464 tasks, 2805 threads, 8 processors
Load average: 2.41, Mach factor: 5.58
/bin/machine           = unknown
/usr/bin/oslevel       = unknown
/bin/universe          = unknown

PATH: /Users/yep/code/project/independent/Hpage/utils/apache-tomcat-9.0.21/bin
PATH: /Users/yep/.BCloud/bin
PATH: /Users/yep/.nvm/versions/node/v11.12.0/bin
PATH: /Users/yep/anaconda3/envs/py2/bin
PATH: /Users/yep/anaconda3/condabin
PATH: /usr/local/bin
PATH: /usr/bin
PATH: /bin
PATH: /usr/sbin
PATH: /sbin
PATH: /Library/TeX/texbin
PATH: /Library/Apple/usr/bin
PATH: /Applications/Wireshark.app/Contents/MacOS


## ----------- ##
## Core tests. ##
## ----------- ##

configure:2340: checking for a BSD-compatible install
configure:2408: result: /usr/bin/install -c
configure:2419: checking whether build environment is sane
configure:2474: result: yes
configure:2625: checking for a thread-safe mkdir -p
configure:2664: result: build-aux/install-sh -c -d
configure:2671: checking for gawk
configure:2701: result: no
configure:2671: checking for mawk
configure:2701: result: no
configure:2671: checking for nawk
configure:2701: result: no
configure:2671: checking for awk
configure:2687: found /usr/bin/awk
configure:2698: result: awk
configure:2709: checking whether make sets $(MAKE)
configure:2731: result: yes
configure:2760: checking whether make supports nested variables
configure:2777: result: yes
configure:2953: checking for gcc
configure:2969: found /usr/bin/gcc
configure:2980: result: gcc
configure:3209: checking for C compiler version
configure:3218: gcc --version >&5
Apple clang version 11.0.0 (clang-1100.0.33.12)
Target: x86_64-apple-darwin19.4.0
Thread model: posix
InstalledDir: /Library/Developer/CommandLineTools/usr/bin
Configured with: --prefix=/Library/Developer/CommandLineTools/usr --with-gxx-include-dir=/Library/Developer/CommandLineTools/SDKs/MacOSX.sdk/usr/include/c++/4.2.1
configure:3229: $? = 0
configure:3218: gcc -v >&5
Configured with: --prefix=/Library/Developer/CommandLineTools/usr --with-gxx-include-dir=/Library/Developer/CommandLineTools/SDKs/MacOSX.sdk/usr/include/c++/4.2.1
Apple clang version 11.0.0 (clang-1100.0.33.12)
Target: x86_64-apple-darwin19.4.0
Thread model: posix
InstalledDir: /Library/Developer/CommandLineTools/usr/bin
configure:3229: $? = 0
configure:3218: gcc -V >&5
clang: error: unsupported option '-V -Wno-framework-include-private-from-public'
clang: error: no input files
configure:3229: $? = 1
configure:3218: gcc -qversion >&5
clang: error: unknown argument '-qversion', did you mean '--version'?
clang: error: no input files
configure:3229: $? = 1
configure:3249: checking whether the C compiler works
configure:3271: gcc    conftest.c  >&5
configure:3275: $? = 0
configure:3323: result: yes
configure:3326: checking for C compiler default output file name
configure:3328: result: a.out
configure:3334: checking for suffix of executables
configure:3341: gcc -o conftest    conftest.c  >&5
configure:3345: $? = 0
configure:3367: result: 
configure:3389: checking whether we are cross compiling
configure:3397: gcc -o conftest    conftest.c  >&5
configure:3401: $? = 0
configure:3408: ./conftest
configure:3412: $? = 0
configure:3427: result: no
configure:3432: checking for suffix of object files
configure:3454: gcc -c   conftest.c >&5
configure:3458: $? = 0
configure:3479: result: o
configure:3483: checking whether we are using the GNU C compiler
configure:3502: gcc -c   conftest.c >&5
configure:3502: $? = 0
configure:3511: result: yes
configure:3520: checking whether gcc accepts -g
configure:3540: gcc -c -g  conftest.c >&5
configure:3540: $? = 0
configure:3581: result: yes
configure:3598: checking for gcc option to accept ISO C89
configure:3661: gcc  -c   conftest.c >&5
configure:3661: $? = 0
configure:3674: result: none needed
configure:3699: checking whether gcc understands -c and -o together
configure:3721: gcc -c conftest.c -o conftest2.o
configure:3724: $? = 0
configure:3721: gcc -c conftest.c -o conftest2.o
configure:3724: $? = 0
configure:3736: result: yes
configure:3756: checking whether make supports the include directive
configure:3771: make -f confmf.GNU && cat confinc.out
this is the am__doit target
configure:3774: $? = 0
configure:3793: result: yes (GNU style)
configure:3818: checking dependency style of gcc
configure:3929: result: gcc3
configure:4002: checking for g++
configure:4018: found /usr/bin/g++
configure:4029: result: g++
configure:4056: checking for C++ compiler version
configure:4065: g++ --version >&5
Apple clang version 11.0.0 (clang-1100.0.33.12)
Target: x86_64-apple-darwin19.4.0
Thread model: posix
InstalledDir: /Library/Developer/CommandLineTools/usr/bin
Configured with: --prefix=/Library/Developer/CommandLineTools/usr --with-gxx-include-dir=/Library/Developer/CommandLineTools/SDKs/MacOSX.sdk/usr/include/c++/4.2.1
configure:4076: $? = 0
configure:4065: g++ -v >&5
Configured with: --prefix=/Library/Developer/CommandLineTools/usr --with-gxx-include-dir=/Library/Developer/CommandLineTools/SDKs/MacOSX.sdk/usr/include/c++/4.2.1
Apple clang version 11.0.0 (clang-1100.0.33.12)
Target: x86_64-apple-darwin19.4.0
Thread model: posix
InstalledDir: /Library/Developer/CommandLineTools/usr/bin
configure:4076: $? = 0
configure:4065: g++ -V >&5
clang: error: unsupported option '-V -Wno-framework-include-private-from-public'
clang: error: no input files
configure:4076: $? = 1
configure:4065: g++ -qversion >&5
clang: error: unknown argument '-qversion', did you mean '--version'?
clang: error: no input files
configure:4076: $? = 1
configure:4080: checking whether we are using the GNU C++ compiler
configure:4099: g++ -c  -g -std=c++11 -DNDEBUG  conftest.cpp >&5
configure:4099: $? = 0
configure:4108: result: yes
configure:4117: checking whether g++ accepts -g
configure:4137: g++ -c -g  conftest.cpp >&5
configure:4137: $? = 0
configure:4178: result: yes
configure:4203: checking dependency style of g++
configure:4314: result: gcc3
configure:4364: checking build system type
configure:4378: result: x86_64-apple-darwin19.4.0
configure:4398: checking host system type
configure:4411: result: x86_64-apple-darwin19.4.0
configure:4452: checking how to print strings
configure:4479: result: printf
configure:4500: checking for a sed that does not truncate output
configure:4564: result: /usr/bin/sed
configure:4582: checking for grep that handles long lines and -e
configure:4640: result: /usr/bin/grep
configure:4645: checking for egrep
configure:4707: result: /usr/bin/grep -E
configure:4712: checking for fgrep
configure:4774: result: /usr/bin/grep -F
configure:4809: checking for ld used by gcc
configure:4876: result: /Library/Developer/CommandLineTools/usr/bin/ld
configure:4883: checking if the linker (/Library/Developer/CommandLineTools/usr/bin/ld) is GNU ld
configure:4898: result: no
configure:4910: checking for BSD- or MS-compatible name lister (nm)
configure:4964: result: /usr/bin/nm -B
configure:5094: checking the name lister (/usr/bin/nm -B) interface
configure:5101: g++ -c  -g -std=c++11 -DNDEBUG  conftest.cpp >&5
configure:5104: /usr/bin/nm -B "conftest.o"
configure:5107: output
0000000000000268 S _some_variable
configure:5114: result: BSD nm
configure:5117: checking whether ln -s works
configure:5121: result: yes
configure:5129: checking the maximum length of command line arguments
configure:5260: result: 196608
configure:5308: checking how to convert x86_64-apple-darwin19.4.0 file names to x86_64-apple-darwin19.4.0 format
configure:5348: result: func_convert_file_noop
configure:5355: checking how to convert x86_64-apple-darwin19.4.0 file names to toolchain format
configure:5375: result: func_convert_file_noop
configure:5382: checking for /Library/Developer/CommandLineTools/usr/bin/ld option to reload object files
configure:5389: result: -r
configure:5463: checking for objdump
configure:5479: found /usr/bin/objdump
configure:5490: result: objdump
configure:5522: checking how to recognize dependent libraries
configure:5722: result: pass_all
configure:5807: checking for dlltool
configure:5837: result: no
configure:5867: checking how to associate runtime and link libraries
configure:5894: result: printf %s\n
configure:5955: checking for ar
configure:5971: found /usr/bin/ar
configure:5982: result: ar
configure:6019: checking for archiver @FILE support
configure:6036: g++ -c  -g -std=c++11 -DNDEBUG  conftest.cpp >&5
configure:6036: $? = 0
configure:6039: ar cr libconftest.a @conftest.lst >&5
ar: @conftest.lst: No such file or directory
configure:6042: $? = 1
configure:6062: result: no
configure:6120: checking for strip
configure:6136: found /usr/bin/strip
configure:6147: result: strip
configure:6219: checking for ranlib
configure:6235: found /usr/bin/ranlib
configure:6246: result: ranlib
configure:6348: checking command to parse /usr/bin/nm -B output from gcc object
configure:6501: g++ -c  -g -std=c++11 -DNDEBUG  conftest.cpp >&5
configure:6504: $? = 0
configure:6508: /usr/bin/nm -B conftest.o | sed -n -e 's/^.*[	 ]\([BCDEGRST][BCDEGRST]*\)[	 ][	 ]*\([_A-Za-z][_A-Za-z0-9]*\)$/\1 \2 \2/p' | sed '/ __gnu_lto/d' > conftest.nm
cannot find nm_test_var in conftest.nm
configure:6501: g++ -c  -g -std=c++11 -DNDEBUG  conftest.cpp >&5
configure:6504: $? = 0
configure:6508: /usr/bin/nm -B conftest.o | sed -n -e 's/^.*[	 ]\([BCDEGRST][BCDEGRST]*\)[	 ][	 ]*_\([_A-Za-z][_A-Za-z0-9]*\)$/\1 _\2 \2/p' | sed '/ __gnu_lto/d' > conftest.nm
configure:6574: g++ -o conftest  -g -std=c++11 -DNDEBUG   conftest.cpp conftstm.o >&5
configure:6577: $? = 0
configure:6615: result: ok
configure:6662: checking for sysroot
configure:6692: result: no
configure:6699: checking for a working dd
configure:6737: result: /bin/dd
configure:6741: checking how to truncate binary pipes
configure:6756: result: /bin/dd bs=4096 count=1
configure:7086: checking for mt
configure:7116: result: no
configure:7136: checking if : is a manifest tool
configure:7142: : '-?'
configure:7150: result: no
configure:7206: checking for dsymutil
configure:7222: found /usr/bin/dsymutil
configure:7233: result: dsymutil
configure:7298: checking for nmedit
configure:7314: found /usr/bin/nmedit
configure:7325: result: nmedit
configure:7390: checking for lipo
configure:7406: found /usr/bin/lipo
configure:7417: result: lipo
configure:7482: checking for otool
configure:7498: found /usr/bin/otool
configure:7509: result: otool
configure:7574: checking for otool64
configure:7604: result: no
configure:7649: checking for -single_module linker flag
gcc   -o libconftest.dylib -dynamiclib -Wl,-single_module conftest.c
configure:7682: result: yes
configure:7685: checking for -exported_symbols_list linker flag
configure:7705: g++ -o conftest  -g -std=c++11 -DNDEBUG   -Wl,-exported_symbols_list,conftest.sym conftest.cpp  >&5
configure:7705: $? = 0
configure:7715: result: yes
configure:7718: checking for -force_load linker flag
gcc  -c -o conftest.o conftest.c
ar cr libconftest.a conftest.o
ranlib libconftest.a
gcc   -o conftest conftest.c -Wl,-force_load,./libconftest.a
configure:7750: result: yes
configure:7827: checking how to run the C preprocessor
configure:7858: gcc -E  conftest.c
configure:7858: $? = 0
configure:7872: gcc -E  conftest.c
conftest.c:11:10: fatal error: 'ac_nonexistent.h' file not found
#include <ac_nonexistent.h>
         ^~~~~~~~~~~~~~~~~~
1 error generated.
configure:7872: $? = 1
configure: failed program was:
| /* confdefs.h */
| #define PACKAGE_NAME "Google C++ Testing Framework"
| #define PACKAGE_TARNAME "gtest"
| #define PACKAGE_VERSION "1.8.0"
| #define PACKAGE_STRING "Google C++ Testing Framework 1.8.0"
| #define PACKAGE_BUGREPORT "googletestframework@googlegroups.com"
| #define PACKAGE_URL ""
| #define PACKAGE "gtest"
| #define VERSION "1.8.0"
| /* end confdefs.h.  */
| #include <ac_nonexistent.h>
configure:7897: result: gcc -E
configure:7917: gcc -E  conftest.c
configure:7917: $? = 0
configure:7931: gcc -E  conftest.c
conftest.c:11:10: fatal error: 'ac_nonexistent.h' file not found
#include <ac_nonexistent.h>
         ^~~~~~~~~~~~~~~~~~
1 error generated.
configure:7931: $? = 1
configure: failed program was:
| /* confdefs.h */
| #define PACKAGE_NAME "Google C++ Testing Framework"
| #define PACKAGE_TARNAME "gtest"
| #define PACKAGE_VERSION "1.8.0"
| #define PACKAGE_STRING "Google C++ Testing Framework 1.8.0"
| #define PACKAGE_BUGREPORT "googletestframework@googlegroups.com"
| #define PACKAGE_URL ""
| #define PACKAGE "gtest"
| #define VERSION "1.8.0"
| /* end confdefs.h.  */
| #include <ac_nonexistent.h>
configure:7960: checking for ANSI C header files
configure:7980: gcc -c   conftest.c >&5
configure:7980: $? = 0
configure:8053: gcc -o conftest    conftest.c  >&5
configure:8053: $? = 0
configure:8053: ./conftest
configure:8053: $? = 0
configure:8064: result: yes
configure:8077: checking for sys/types.h
configure:8077: gcc -c   conftest.c >&5
configure:8077: $? = 0
configure:8077: result: yes
configure:8077: checking for sys/stat.h
configure:8077: gcc -c   conftest.c >&5
configure:8077: $? = 0
configure:8077: result: yes
configure:8077: checking for stdlib.h
configure:8077: gcc -c   conftest.c >&5
configure:8077: $? = 0
configure:8077: result: yes
configure:8077: checking for string.h
configure:8077: gcc -c   conftest.c >&5
configure:8077: $? = 0
configure:8077: result: yes
configure:8077: checking for memory.h
configure:8077: gcc -c   conftest.c >&5
configure:8077: $? = 0
configure:8077: result: yes
configure:8077: checking for strings.h
configure:8077: gcc -c   conftest.c >&5
configure:8077: $? = 0
configure:8077: result: yes
configure:8077: checking for inttypes.h
configure:8077: gcc -c   conftest.c >&5
configure:8077: $? = 0
configure:8077: result: yes
configure:8077: checking for stdint.h
configure:8077: gcc -c   conftest.c >&5
configure:8077: $? = 0
configure:8077: result: yes
configure:8077: checking for unistd.h
configure:8077: gcc -c   conftest.c >&5
configure:8077: $? = 0
configure:8077: result: yes
configure:8091: checking for dlfcn.h
configure:8091: gcc -c   conftest.c >&5
configure:8091: $? = 0
configure:8091: result: yes
configure:8357: checking for objdir
configure:8372: result: .libs
configure:8636: checking if gcc supports -fno-rtti -fno-exceptions
configure:8654: gcc -c   -fno-rtti -fno-exceptions conftest.c >&5
configure:8658: $? = 0
configure:8671: result: yes
configure:9035: checking for gcc option to produce PIC
configure:9042: result: -fno-common -DPIC
configure:9050: checking if gcc PIC flag -fno-common -DPIC works
configure:9068: gcc -c   -fno-common -DPIC -DPIC conftest.c >&5
configure:9072: $? = 0
configure:9085: result: yes
configure:9114: checking if gcc static flag -static works
configure:9142: result: no
configure:9157: checking if gcc supports -c -o file.o
configure:9178: gcc -c   -o out/conftest2.o conftest.c >&5
configure:9182: $? = 0
configure:9204: result: yes
configure:9212: checking if gcc supports -c -o file.o
configure:9259: result: yes
configure:9292: checking whether the gcc linker (/Library/Developer/CommandLineTools/usr/bin/ld) supports shared libraries
configure:10555: result: yes
configure:10795: checking dynamic linker characteristics
configure:11625: result: darwin19.4.0 dyld
configure:11747: checking how to hardcode library paths into programs
configure:11772: result: immediate
configure:12320: checking whether stripping libraries is possible
configure:12334: result: yes
configure:12360: checking if libtool supports shared libraries
configure:12362: result: yes
configure:12365: checking whether to build shared libraries
configure:12390: result: yes
configure:12393: checking whether to build static libraries
configure:12397: result: yes
configure:12420: checking how to run the C++ preprocessor
configure:12447: g++ -E  conftest.cpp
configure:12447: $? = 0
configure:12461: g++ -E  conftest.cpp
conftest.cpp:23:10: fatal error: 'ac_nonexistent.h' file not found
#include <ac_nonexistent.h>
         ^~~~~~~~~~~~~~~~~~
1 error generated.
configure:12461: $? = 1
configure: failed program was:
| /* confdefs.h */
| #define PACKAGE_NAME "Google C++ Testing Framework"
| #define PACKAGE_TARNAME "gtest"
| #define PACKAGE_VERSION "1.8.0"
| #define PACKAGE_STRING "Google C++ Testing Framework 1.8.0"
| #define PACKAGE_BUGREPORT "googletestframework@googlegroups.com"
| #define PACKAGE_URL ""
| #define PACKAGE "gtest"
| #define VERSION "1.8.0"
| #define STDC_HEADERS 1
| #define HAVE_SYS_TYPES_H 1
| #define HAVE_SYS_STAT_H 1
| #define HAVE_STDLIB_H 1
| #define HAVE_STRING_H 1
| #define HAVE_MEMORY_H 1
| #define HAVE_STRINGS_H 1
| #define HAVE_INTTYPES_H 1
| #define HAVE_STDINT_H 1
| #define HAVE_UNISTD_H 1
| #define HAVE_DLFCN_H 1
| #define LT_OBJDIR ".libs/"
| /* end confdefs.h.  */
| #include <ac_nonexistent.h>
configure:12486: result: g++ -E
configure:12506: g++ -E  conftest.cpp
configure:12506: $? = 0
configure:12520: g++ -E  conftest.cpp
conftest.cpp:23:10: fatal error: 'ac_nonexistent.h' file not found
#include <ac_nonexistent.h>
         ^~~~~~~~~~~~~~~~~~
1 error generated.
configure:12520: $? = 1
configure: failed program was:
| /* confdefs.h */
| #define PACKAGE_NAME "Google C++ Testing Framework"
| #define PACKAGE_TARNAME "gtest"
| #define PACKAGE_VERSION "1.8.0"
| #define PACKAGE_STRING "Google C++ Testing Framework 1.8.0"
| #define PACKAGE_BUGREPORT "googletestframework@googlegroups.com"
| #define PACKAGE_URL ""
| #define PACKAGE "gtest"
| #define VERSION "1.8.0"
| #define STDC_HEADERS 1
| #define HAVE_SYS_TYPES_H 1
| #define HAVE_SYS_STAT_H 1
| #define HAVE_STDLIB_H 1
| #define HAVE_STRING_H 1
| #define HAVE_MEMORY_H 1
| #define HAVE_STRINGS_H 1
| #define HAVE_INTTYPES_H 1
| #define HAVE_STDINT_H 1
| #define HAVE_UNISTD_H 1
| #define HAVE_DLFCN_H 1
| #define LT_OBJDIR ".libs/"
| /* end confdefs.h.  */
| #include <ac_nonexistent.h>
configure:12682: checking for ld used by g++
configure:12749: result: /Library/Developer/CommandLineTools/usr/bin/ld
configure:12756: checking if the linker (/Library/Developer/CommandLineTools/usr/bin/ld) is GNU ld
configure:12771: result: no
configure:12826: checking whether the g++ linker (/Library/Developer/CommandLineTools/usr/bin/ld) supports shared libraries
configure:13899: result: yes
configure:13935: g++ -c  -g -std=c++11 -DNDEBUG  conftest.cpp >&5
configure:13938: $? = 0
configure:14419: checking for g++ option to produce PIC
configure:14426: result: -fno-common -DPIC
configure:14434: checking if g++ PIC flag -fno-common -DPIC works
configure:14452: g++ -c  -g -std=c++11 -DNDEBUG  -fno-common -DPIC -DPIC conftest.cpp >&5
configure:14456: $? = 0
configure:14469: result: yes
configure:14492: checking if g++ static flag -static works
configure:14520: result: no
configure:14532: checking if g++ supports -c -o file.o
configure:14553: g++ -c  -g -std=c++11 -DNDEBUG  -o out/conftest2.o conftest.cpp >&5
configure:14557: $? = 0
configure:14579: result: yes
configure:14584: checking if g++ supports -c -o file.o
configure:14631: result: yes
configure:14661: checking whether the g++ linker (/Library/Developer/CommandLineTools/usr/bin/ld) supports shared libraries
configure:14704: result: yes
configure:14845: checking dynamic linker characteristics
configure:15602: result: darwin19.4.0 dyld
configure:15667: checking how to hardcode library paths into programs
configure:15692: result: immediate
configure:15762: checking for python
configure:15780: found /Users/yep/anaconda3/envs/py2/bin/python
configure:15793: result: /Users/yep/anaconda3/envs/py2/bin/python
configure:15811: /Users/yep/anaconda3/envs/py2/bin/python -c import sys # split strings by '.' and convert to numeric. Append some zeros # because we need at least 4 digits for the hex conversion. # map returns an iterator in Python 3.0 and a list in 2.x minver = list(map(int, '2.3'.split('.'))) + [0, 0, 0] minverhex = 0 # xrange is not present in Python 3.0 and range returns an iterator for i in list(range(0, 4)): minverhex = (minverhex << 8) + minver[i] sys.exit(sys.hexversion < minverhex)
configure:15814: $? = 0
configure:16007: checking for the pthreads library -lpthreads
configure:16040: gcc -o conftest     conftest.c -lpthreads  >&5
conftest.c:28:41: warning: null passed to a callee that requires a non-null argument [-Wnonnull]
                     pthread_attr_init(0); pthread_cleanup_push(0, 0);
                                       ~^
conftest.c:29:44: warning: null passed to a callee that requires a non-null argument [-Wnonnull]
                     pthread_create(0,0,0,0); pthread_cleanup_pop(0);
                                    ~      ^
conftest.c:29:44: warning: null passed to a callee that requires a non-null argument [-Wnonnull]
                     pthread_create(0,0,0,0); pthread_cleanup_pop(0);
                                        ~  ^
3 warnings generated.
ld: library not found for -lpthreads
clang: error: linker command failed with exit code 1 (use -v to see invocation)
configure:16040: $? = 1
configure: failed program was:
| /* confdefs.h */
| #define PACKAGE_NAME "Google C++ Testing Framework"
| #define PACKAGE_TARNAME "gtest"
| #define PACKAGE_VERSION "1.8.0"
| #define PACKAGE_STRING "Google C++ Testing Framework 1.8.0"
| #define PACKAGE_BUGREPORT "googletestframework@googlegroups.com"
| #define PACKAGE_URL ""
| #define PACKAGE "gtest"
| #define VERSION "1.8.0"
| #define STDC_HEADERS 1
| #define HAVE_SYS_TYPES_H 1
| #define HAVE_SYS_STAT_H 1
| #define HAVE_STDLIB_H 1
| #define HAVE_STRING_H 1
| #define HAVE_MEMORY_H 1
| #define HAVE_STRINGS_H 1
| #define HAVE_INTTYPES_H 1
| #define HAVE_STDINT_H 1
| #define HAVE_UNISTD_H 1
| #define HAVE_DLFCN_H 1
| #define LT_OBJDIR ".libs/"
| /* end confdefs.h.  */
| #include <pthread.h>
| int
| main ()
| {
| pthread_t th; pthread_join(th, 0);
|                      pthread_attr_init(0); pthread_cleanup_push(0, 0);
|                      pthread_create(0,0,0,0); pthread_cleanup_pop(0);
|   ;
|   return 0;
| }
configure:16049: result: no
configure:15952: checking whether pthreads work without any flags
configure:16040: gcc -o conftest     conftest.c   >&5
conftest.c:28:41: warning: null passed to a callee that requires a non-null argument [-Wnonnull]
                     pthread_attr_init(0); pthread_cleanup_push(0, 0);
                                       ~^
conftest.c:29:44: warning: null passed to a callee that requires a non-null argument [-Wnonnull]
                     pthread_create(0,0,0,0); pthread_cleanup_pop(0);
                                    ~      ^
conftest.c:29:44: warning: null passed to a callee that requires a non-null argument [-Wnonnull]
                     pthread_create(0,0,0,0); pthread_cleanup_pop(0);
                                        ~  ^
3 warnings generated.
configure:16040: $? = 0
configure:16049: result: yes
configure:16068: checking for joinable pthread attribute
configure:16083: gcc -o conftest     conftest.c   >&5
configure:16083: $? = 0
configure:16089: result: PTHREAD_CREATE_JOINABLE
configure:16099: checking if more special flags are required for pthreads
configure:16106: result: -D_THREAD_SAFE
configure:16195: checking whether to check for GCC pthread/shared inconsistencies
configure:16208: gcc -o conftest -shared -fPIC -Wl,-z,defs  -D_THREAD_SAFE    conftest.c   >&5
ld: unknown option: -z
clang: error: linker command failed with exit code 1 (use -v to see invocation)
configure:16208: $? = 1
configure: failed program was:
| /* confdefs.h */
| #define PACKAGE_NAME "Google C++ Testing Framework"
| #define PACKAGE_TARNAME "gtest"
| #define PACKAGE_VERSION "1.8.0"
| #define PACKAGE_STRING "Google C++ Testing Framework 1.8.0"
| #define PACKAGE_BUGREPORT "googletestframework@googlegroups.com"
| #define PACKAGE_URL ""
| #define PACKAGE "gtest"
| #define VERSION "1.8.0"
| #define STDC_HEADERS 1
| #define HAVE_SYS_TYPES_H 1
| #define HAVE_SYS_STAT_H 1
| #define HAVE_STDLIB_H 1
| #define HAVE_STRING_H 1
| #define HAVE_MEMORY_H 1
| #define HAVE_STRINGS_H 1
| #define HAVE_INTTYPES_H 1
| #define HAVE_STDINT_H 1
| #define HAVE_UNISTD_H 1
| #define HAVE_DLFCN_H 1
| #define LT_OBJDIR ".libs/"
| /* end confdefs.h.  */
| 
| int
| main ()
| {
| 
|   ;
|   return 0;
| }
configure:16217: result: no
configure:16497: checking that generated files are newer than configure
configure:16503: result: done
configure:16538: creating ./config.status

## ---------------------- ##
## Running config.status. ##
## ---------------------- ##

This file was extended by Google C++ Testing Framework config.status 1.8.0, which was
generated by GNU Autoconf 2.69.  Invocation command line was

  CONFIG_FILES    = 
  CONFIG_HEADERS  = 
  CONFIG_LINKS    = 
  CONFIG_COMMANDS = 
  $ ./config.status 

on yepingbaideMacBook-Pro.local

config.status:1160: creating Makefile
config.status:1160: creating scripts/gtest-config
config.status:1160: creating build-aux/config.h
config.status:1389: executing depfiles commands
config.status:1467: cd .       && sed -e '/# am--include-marker/d' Makefile         | make -f - am--depfiles
config.status:1472: $? = 0
config.status:1389: executing libtool commands

## ---------------- ##
## Cache variables. ##
## ---------------- ##

ac_cv_build=x86_64-apple-darwin19.4.0
ac_cv_c_compiler_gnu=yes
ac_cv_cxx_compiler_gnu=yes
ac_cv_env_CCC_set=
ac_cv_env_CCC_value=
ac_cv_env_CC_set=
ac_cv_env_CC_value=
ac_cv_env_CFLAGS_set=set
ac_cv_env_CFLAGS_value=
ac_cv_env_CPPFLAGS_set=
ac_cv_env_CPPFLAGS_value=
ac_cv_env_CPP_set=
ac_cv_env_CPP_value=
ac_cv_env_CXXCPP_set=
ac_cv_env_CXXCPP_value=
ac_cv_env_CXXFLAGS_set=set
ac_cv_env_CXXFLAGS_value=' -g -std=c++11 -DNDEBUG'
ac_cv_env_CXX_set=
ac_cv_env_CXX_value=
ac_cv_env_LDFLAGS_set=
ac_cv_env_LDFLAGS_value=
ac_cv_env_LIBS_set=
ac_cv_env_LIBS_value=
ac_cv_env_LT_SYS_LIBRARY_PATH_set=
ac_cv_env_LT_SYS_LIBRARY_PATH_value=
ac_cv_env_build_alias_set=
ac_cv_env_build_alias_value=
ac_cv_env_host_alias_set=
ac_cv_env_host_alias_value=
ac_cv_env_target_alias_set=
ac_cv_env_target_alias_value=
ac_cv_header_dlfcn_h=yes
ac_cv_header_inttypes_h=yes
ac_cv_header_memory_h=yes
ac_cv_header_stdc=yes
ac_cv_header_stdint_h=yes
ac_cv_header_stdlib_h=yes
ac_cv_header_string_h=yes
ac_cv_header_strings_h=yes
ac_cv_header_sys_stat_h=yes
ac_cv_header_sys_types_h=yes
ac_cv_header_unistd_h=yes
ac_cv_host=x86_64-apple-darwin19.4.0
ac_cv_objext=o
ac_cv_path_EGREP='/usr/bin/grep -E'
ac_cv_path_FGREP='/usr/bin/grep -F'
ac_cv_path_GREP=/usr/bin/grep
ac_cv_path_PYTHON=/Users/yep/anaconda3/envs/py2/bin/python
ac_cv_path_SED=/usr/bin/sed
ac_cv_path_install='/usr/bin/install -c'
ac_cv_path_lt_DD=/bin/dd
ac_cv_prog_AWK=awk
ac_cv_prog_CPP='gcc -E'
ac_cv_prog_CXXCPP='g++ -E'
ac_cv_prog_ac_ct_AR=ar
ac_cv_prog_ac_ct_CC=gcc
ac_cv_prog_ac_ct_CXX=g++
ac_cv_prog_ac_ct_DSYMUTIL=dsymutil
ac_cv_prog_ac_ct_LIPO=lipo
ac_cv_prog_ac_ct_NMEDIT=nmedit
ac_cv_prog_ac_ct_OBJDUMP=objdump
ac_cv_prog_ac_ct_OTOOL=otool
ac_cv_prog_ac_ct_RANLIB=ranlib
ac_cv_prog_ac_ct_STRIP=strip
ac_cv_prog_cc_c89=
ac_cv_prog_cc_g=yes
ac_cv_prog_cxx_g=yes
ac_cv_prog_make_make_set=yes
am_cv_CC_dependencies_compiler_type=gcc3
am_cv_CXX_dependencies_compiler_type=gcc3
am_cv_make_support_nested_variables=yes
am_cv_prog_cc_c_o=yes
lt_cv_apple_cc_single_mod=yes
lt_cv_ar_at_file=no
lt_cv_deplibs_check_method=pass_all
lt_cv_file_magic_cmd='$MAGIC_CMD'
lt_cv_file_magic_test_file=
lt_cv_ld_exported_symbols_list=yes
lt_cv_ld_force_load=yes
lt_cv_ld_reload_flag=-r
lt_cv_nm_interface='BSD nm'
lt_cv_objdir=.libs
lt_cv_path_LD=/Library/Developer/CommandLineTools/usr/bin/ld
lt_cv_path_LDCXX=/Library/Developer/CommandLineTools/usr/bin/ld
lt_cv_path_NM='/usr/bin/nm -B'
lt_cv_path_mainfest_tool=no
lt_cv_prog_compiler_c_o=yes
lt_cv_prog_compiler_c_o_CXX=yes
lt_cv_prog_compiler_pic='-fno-common -DPIC'
lt_cv_prog_compiler_pic_CXX='-fno-common -DPIC'
lt_cv_prog_compiler_pic_works=yes
lt_cv_prog_compiler_pic_works_CXX=yes
lt_cv_prog_compiler_rtti_exceptions=yes
lt_cv_prog_compiler_static_works=no
lt_cv_prog_compiler_static_works_CXX=no
lt_cv_prog_gnu_ld=no
lt_cv_prog_gnu_ldcxx=no
lt_cv_sharedlib_from_linklib_cmd='printf %s\n'
lt_cv_sys_global_symbol_pipe='sed -n -e '\''s/^.*[	 ]\([BCDEGRST][BCDEGRST]*\)[	 ][	 ]*_\([_A-Za-z][_A-Za-z0-9]*\)$/\1 _\2 \2/p'\'' | sed '\''/ __gnu_lto/d'\'''
lt_cv_sys_global_symbol_to_c_name_address='sed -n -e '\''s/^: \(.*\) .*$/  {"\1", (void *) 0},/p'\'' -e '\''s/^[BCDEGRST][BCDEGRST]* .* \(.*\)$/  {"\1", (void *) \&\1},/p'\'''
lt_cv_sys_global_symbol_to_c_name_address_lib_prefix='sed -n -e '\''s/^: \(.*\) .*$/  {"\1", (void *) 0},/p'\'' -e '\''s/^[BCDEGRST][BCDEGRST]* .* \(lib.*\)$/  {"\1", (void *) \&\1},/p'\'' -e '\''s/^[BCDEGRST][BCDEGRST]* .* \(.*\)$/  {"lib\1", (void *) \&\1},/p'\'''
lt_cv_sys_global_symbol_to_cdecl='sed -n -e '\''s/^T .* \(.*\)$/extern int \1();/p'\'' -e '\''s/^[BCDEGRST][BCDEGRST]* .* \(.*\)$/extern char \1;/p'\'''
lt_cv_sys_global_symbol_to_import=
lt_cv_sys_max_cmd_len=196608
lt_cv_to_host_file_cmd=func_convert_file_noop
lt_cv_to_tool_file_cmd=func_convert_file_noop
lt_cv_truncate_bin='/bin/dd bs=4096 count=1'

## ----------------- ##
## Output variables. ##
## ----------------- ##

ACLOCAL='${SHELL} /Users/yep/code/project/learning/learn_cmake/src/service/thirdlib/protobuf-3.13.0/third_party/googletest/googletest/build-aux/missing aclocal-1.16'
AMDEPBACKSLASH='\'
AMDEP_FALSE='#'
AMDEP_TRUE=''
AMTAR='$${TAR-tar}'
AM_BACKSLASH='\'
AM_DEFAULT_V='$(AM_DEFAULT_VERBOSITY)'
AM_DEFAULT_VERBOSITY='1'
AM_V='$(V)'
AR='ar'
AUTOCONF='${SHELL} /Users/yep/code/project/learning/learn_cmake/src/service/thirdlib/protobuf-3.13.0/third_party/googletest/googletest/build-aux/missing autoconf'
AUTOHEADER='${SHELL} /Users/yep/code/project/learning/learn_cmake/src/service/thirdlib/protobuf-3.13.0/third_party/googletest/googletest/build-aux/missing autoheader'
AUTOMAKE='${SHELL} /Users/yep/code/project/learning/learn_cmake/src/service/thirdlib/protobuf-3.13.0/third_party/googletest/googletest/build-aux/missing automake-1.16'
AWK='awk'
CC='gcc'
CCDEPMODE='depmode=gcc3'
CFLAGS=''
CPP='gcc -E'
CPPFLAGS=''
CXX='g++'
CXXCPP='g++ -E'
CXXDEPMODE='depmode=gcc3'
CXXFLAGS=' -g -std=c++11 -DNDEBUG'
CYGPATH_W='echo'
DEFS='-DHAVE_CONFIG_H'
DEPDIR='.deps'
DLLTOOL='false'
DSYMUTIL='dsymutil'
DUMPBIN=''
ECHO_C='\c'
ECHO_N=''
ECHO_T=''
EGREP='/usr/bin/grep -E'
EXEEXT=''
FGREP='/usr/bin/grep -F'
GREP='/usr/bin/grep'
HAVE_PTHREADS_FALSE='#'
HAVE_PTHREADS_TRUE=''
HAVE_PYTHON_FALSE='#'
HAVE_PYTHON_TRUE=''
INSTALL_DATA='${INSTALL} -m 644'
INSTALL_PROGRAM='${INSTALL}'
INSTALL_SCRIPT='${INSTALL}'
INSTALL_STRIP_PROGRAM='$(install_sh) -c -s'
LD='/Library/Developer/CommandLineTools/usr/bin/ld'
LDFLAGS=''
LIBOBJS=''
LIBS=''
LIBTOOL='$(SHELL) $(top_builddir)/libtool'
LIPO='lipo'
LN_S='ln -s'
LTLIBOBJS=''
LT_SYS_LIBRARY_PATH=''
MAKEINFO='${SHELL} /Users/yep/code/project/learning/learn_cmake/src/service/thirdlib/protobuf-3.13.0/third_party/googletest/googletest/build-aux/missing makeinfo'
MANIFEST_TOOL=':'
MKDIR_P='build-aux/install-sh -c -d'
NM='/usr/bin/nm -B'
NMEDIT='nmedit'
OBJDUMP='objdump'
OBJEXT='o'
OTOOL64=':'
OTOOL='otool'
PACKAGE='gtest'
PACKAGE_BUGREPORT='googletestframework@googlegroups.com'
PACKAGE_NAME='Google C++ Testing Framework'
PACKAGE_STRING='Google C++ Testing Framework 1.8.0'
PACKAGE_TARNAME='gtest'
PACKAGE_URL=''
PACKAGE_VERSION='1.8.0'
PATH_SEPARATOR=':'
PTHREAD_CC='gcc'
PTHREAD_CFLAGS='-D_THREAD_SAFE '
PTHREAD_LIBS=''
PYTHON='/Users/yep/anaconda3/envs/py2/bin/python'
RANLIB='ranlib'
SED='/usr/bin/sed'
SET_MAKE=''
SHELL='/bin/sh'
STRIP='strip'
VERSION='1.8.0'
ac_ct_AR='ar'
ac_ct_CC='gcc'
ac_ct_CXX='g++'
ac_ct_DUMPBIN=''
acx_pthread_config=''
am__EXEEXT_FALSE=''
am__EXEEXT_TRUE='#'
am__fastdepCC_FALSE='#'
am__fastdepCC_TRUE=''
am__fastdepCXX_FALSE='#'
am__fastdepCXX_TRUE=''
am__include='include'
am__isrc=''
am__leading_dot='.'
am__nodep='_no'
am__quote=''
am__tar='$${TAR-tar} chof - "$$tardir"'
am__untar='$${TAR-tar} xf -'
bindir='${exec_prefix}/bin'
build='x86_64-apple-darwin19.4.0'
build_alias=''
build_cpu='x86_64'
build_os='darwin19.4.0'
build_vendor='apple'
datadir='${datarootdir}'
datarootdir='${prefix}/share'
docdir='${datarootdir}/doc/${PACKAGE_TARNAME}'
dvidir='${docdir}'
exec_prefix='${prefix}'
host='x86_64-apple-darwin19.4.0'
host_alias=''
host_cpu='x86_64'
host_os='darwin19.4.0'
host_vendor='apple'
htmldir='${docdir}'
includedir='${prefix}/include'
infodir='${datarootdir}/info'
install_sh='${SHELL} /Users/yep/code/project/learning/learn_cmake/src/service/thirdlib/protobuf-3.13.0/third_party/googletest/googletest/build-aux/install-sh'
libdir='${exec_prefix}/lib'
libexecdir='${exec_prefix}/libexec'
localedir='${datarootdir}/locale'
localstatedir='${prefix}/var'
mandir='${datarootdir}/man'
mkdir_p='$(MKDIR_P)'
oldincludedir='/usr/include'
pdfdir='${docdir}'
prefix='/usr/local/protobuf'
program_transform_name='s,x,x,'
psdir='${docdir}'
runstatedir='${localstatedir}/run'
sbindir='${exec_prefix}/sbin'
sharedstatedir='${prefix}/com'
sysconfdir='${prefix}/etc'
target_alias=''

## ----------- ##
## confdefs.h. ##
## ----------- ##

/* confdefs.h */
#define PACKAGE_NAME "Google C++ Testing Framework"
#define PACKAGE_TARNAME "gtest"
#define PACKAGE_VERSION "1.8.0"
#define PACKAGE_STRING "Google C++ Testing Framework 1.8.0"
#define PACKAGE_BUGREPORT "googletestframework@googlegroups.com"
#define PACKAGE_URL ""
#define PACKAGE "gtest"
#define VERSION "1.8.0"
#define STDC_HEADERS 1
#define HAVE_SYS_TYPES_H 1
#define HAVE_SYS_STAT_H 1
#define HAVE_STDLIB_H 1
#define HAVE_STRING_H 1
#define HAVE_MEMORY_H 1
#define HAVE_STRINGS_H 1
#define HAVE_INTTYPES_H 1
#define HAVE_STDINT_H 1
#define HAVE_UNISTD_H 1
#define HAVE_DLFCN_H 1
#define LT_OBJDIR ".libs/"
#define HAVE_PTHREAD 1

configure: exit 0
